2025-04-30 04:32:54,075 - INFO - 🤖 Бот запущен
2025-04-30 04:32:56,443 - INFO - HTTP Request: POST https://api.telegram.org/bot7772105188:AAGsjeL4YIBWbTDcMtmzYimwawV8ALbhn7g/getMe "HTTP/1.1 200 OK"
2025-04-30 04:32:56,589 - INFO - HTTP Request: POST https://api.telegram.org/bot7772105188:AAGsjeL4YIBWbTDcMtmzYimwawV8ALbhn7g/deleteWebhook "HTTP/1.1 200 OK"
2025-04-30 04:32:56,589 - INFO - Application started
2025-04-30 04:32:56,880 - INFO - HTTP Request: POST https://api.telegram.org/bot7772105188:AAGsjeL4YIBWbTDcMtmzYimwawV8ALbhn7g/getUpdates "HTTP/1.1 200 OK"
2025-04-30 04:32:57,006 - INFO - HTTP Request: POST https://api.telegram.org/bot7772105188:AAGsjeL4YIBWbTDcMtmzYimwawV8ALbhn7g/sendMessage "HTTP/1.1 200 OK"
2025-04-30 04:33:06,989 - INFO - HTTP Request: POST https://api.telegram.org/bot7772105188:AAGsjeL4YIBWbTDcMtmzYimwawV8ALbhn7g/getUpdates "HTTP/1.1 200 OK"
2025-04-30 04:33:17,091 - INFO - HTTP Request: POST https://api.telegram.org/bot7772105188:AAGsjeL4YIBWbTDcMtmzYimwawV8ALbhn7g/getUpdates "HTTP/1.1 200 OK"
2025-04-30 04:33:19,916 - INFO - HTTP Request: POST https://api.telegram.org/bot7772105188:AAGsjeL4YIBWbTDcMtmzYimwawV8ALbhn7g/getUpdates "HTTP/1.1 200 OK"
2025-04-30 04:33:20,221 - INFO - HTTP Request: POST https://api.telegram.org/bot7772105188:AAGsjeL4YIBWbTDcMtmzYimwawV8ALbhn7g/sendMessage "HTTP/1.1 200 OK"
2025-04-30 04:33:26,108 - INFO - HTTP Request: POST https://api.telegram.org/bot7772105188:AAGsjeL4YIBWbTDcMtmzYimwawV8ALbhn7g/getUpdates "HTTP/1.1 200 OK"
2025-04-30 04:33:26,522 - INFO - HTTP Request: POST https://api.telegram.org/bot7772105188:AAGsjeL4YIBWbTDcMtmzYimwawV8ALbhn7g/sendMessage "HTTP/1.1 200 OK"
2025-04-30 04:33:35,393 - INFO - HTTP Request: POST https://api.telegram.org/bot7772105188:AAGsjeL4YIBWbTDcMtmzYimwawV8ALbhn7g/getUpdates "HTTP/1.1 200 OK"
2025-04-30 04:33:35,706 - INFO - HTTP Request: POST https://api.telegram.org/bot7772105188:AAGsjeL4YIBWbTDcMtmzYimwawV8ALbhn7g/sendMessage "HTTP/1.1 200 OK"
2025-04-30 04:33:42,297 - INFO - HTTP Request: POST https://api.telegram.org/bot7772105188:AAGsjeL4YIBWbTDcMtmzYimwawV8ALbhn7g/getUpdates "HTTP/1.1 200 OK"
2025-04-30 04:33:43,068 - INFO - ✅ index.html успешно обновлён.
2025-04-30 04:33:43,068 - ERROR - Произошла ошибка: [Errno 2] No such file or directory: 'C:\\Users\\user\\Desktop\\Sitee\\SiteAmazon\\sitemap.xml'
2025-04-30 04:33:43,374 - INFO - HTTP Request: POST https://api.telegram.org/bot7772105188:AAGsjeL4YIBWbTDcMtmzYimwawV8ALbhn7g/sendMessage "HTTP/1.1 200 OK"
2025-04-30 04:33:53,171 - INFO - HTTP Request: POST https://api.telegram.org/bot7772105188:AAGsjeL4YIBWbTDcMtmzYimwawV8ALbhn7g/getUpdates "HTTP/1.1 200 OK"
2025-04-30 04:34:03,259 - INFO - HTTP Request: POST https://api.telegram.org/bot7772105188:AAGsjeL4YIBWbTDcMtmzYimwawV8ALbhn7g/getUpdates "HTTP/1.1 200 OK"
2025-04-30 04:34:08,228 - INFO - HTTP Request: POST https://api.telegram.org/bot7772105188:AAGsjeL4YIBWbTDcMtmzYimwawV8ALbhn7g/getUpdates "HTTP/1.1 200 OK"
2025-04-30 04:34:08,321 - INFO - ✅ index.html успешно обновлён.
2025-04-30 04:34:08,323 - ERROR - Произошла ошибка: [Errno 2] No such file or directory: 'C:\\Users\\user\\Desktop\\Sitee\\SiteAmazon\\sitemap.xml'
2025-04-30 04:34:08,622 - INFO - HTTP Request: POST https://api.telegram.org/bot7772105188:AAGsjeL4YIBWbTDcMtmzYimwawV8ALbhn7g/sendMessage "HTTP/1.1 200 OK"
2025-04-30 04:34:18,424 - INFO - HTTP Request: POST https://api.telegram.org/bot7772105188:AAGsjeL4YIBWbTDcMtmzYimwawV8ALbhn7g/getUpdates "HTTP/1.1 200 OK"
2025-04-30 04:34:28,528 - INFO - HTTP Request: POST https://api.telegram.org/bot7772105188:AAGsjeL4YIBWbTDcMtmzYimwawV8ALbhn7g/getUpdates "HTTP/1.1 200 OK"
2025-04-30 04:34:38,633 - INFO - HTTP Request: POST https://api.telegram.org/bot7772105188:AAGsjeL4YIBWbTDcMtmzYimwawV8ALbhn7g/getUpdates "HTTP/1.1 200 OK"
2025-04-30 04:34:48,731 - INFO - HTTP Request: POST https://api.telegram.org/bot7772105188:AAGsjeL4YIBWbTDcMtmzYimwawV8ALbhn7g/getUpdates "HTTP/1.1 200 OK"
2025-04-30 04:34:58,835 - INFO - HTTP Request: POST https://api.telegram.org/bot7772105188:AAGsjeL4YIBWbTDcMtmzYimwawV8ALbhn7g/getUpdates "HTTP/1.1 200 OK"
2025-04-30 04:35:08,931 - INFO - HTTP Request: POST https://api.telegram.org/bot7772105188:AAGsjeL4YIBWbTDcMtmzYimwawV8ALbhn7g/getUpdates "HTTP/1.1 200 OK"
2025-04-30 04:35:19,042 - INFO - HTTP Request: POST https://api.telegram.org/bot7772105188:AAGsjeL4YIBWbTDcMtmzYimwawV8ALbhn7g/getUpdates "HTTP/1.1 200 OK"
2025-04-30 04:35:29,124 - INFO - HTTP Request: POST https://api.telegram.org/bot7772105188:AAGsjeL4YIBWbTDcMtmzYimwawV8ALbhn7g/getUpdates "HTTP/1.1 200 OK"
2025-04-30 04:35:39,248 - INFO - HTTP Request: POST https://api.telegram.org/bot7772105188:AAGsjeL4YIBWbTDcMtmzYimwawV8ALbhn7g/getUpdates "HTTP/1.1 200 OK"
2025-04-30 04:35:49,362 - INFO - HTTP Request: POST https://api.telegram.org/bot7772105188:AAGsjeL4YIBWbTDcMtmzYimwawV8ALbhn7g/getUpdates "HTTP/1.1 200 OK"
2025-04-30 04:35:59,462 - INFO - HTTP Request: POST https://api.telegram.org/bot7772105188:AAGsjeL4YIBWbTDcMtmzYimwawV8ALbhn7g/getUpdates "HTTP/1.1 200 OK"
2025-04-30 04:36:09,566 - INFO - HTTP Request: POST https://api.telegram.org/bot7772105188:AAGsjeL4YIBWbTDcMtmzYimwawV8ALbhn7g/getUpdates "HTTP/1.1 200 OK"
2025-04-30 04:36:19,676 - INFO - HTTP Request: POST https://api.telegram.org/bot7772105188:AAGsjeL4YIBWbTDcMtmzYimwawV8ALbhn7g/getUpdates "HTTP/1.1 200 OK"
2025-04-30 04:36:29,771 - INFO - HTTP Request: POST https://api.telegram.org/bot7772105188:AAGsjeL4YIBWbTDcMtmzYimwawV8ALbhn7g/getUpdates "HTTP/1.1 200 OK"
2025-04-30 04:36:39,897 - INFO - HTTP Request: POST https://api.telegram.org/bot7772105188:AAGsjeL4YIBWbTDcMtmzYimwawV8ALbhn7g/getUpdates "HTTP/1.1 200 OK"
2025-04-30 04:36:49,988 - INFO - HTTP Request: POST https://api.telegram.org/bot7772105188:AAGsjeL4YIBWbTDcMtmzYimwawV8ALbhn7g/getUpdates "HTTP/1.1 200 OK"
2025-04-30 04:37:00,099 - INFO - HTTP Request: POST https://api.telegram.org/bot7772105188:AAGsjeL4YIBWbTDcMtmzYimwawV8ALbhn7g/getUpdates "HTTP/1.1 200 OK"
2025-04-30 04:37:10,196 - INFO - HTTP Request: POST https://api.telegram.org/bot7772105188:AAGsjeL4YIBWbTDcMtmzYimwawV8ALbhn7g/getUpdates "HTTP/1.1 200 OK"
